<?xml version="1.0" encoding="UTF-8"?>
<testsuite name="services.ReimbursementServiceTest" tests="11" skipped="0" failures="0" errors="0" timestamp="2022-02-15T21:12:55" hostname="LAPTOP-FF56CRCN" time="0.003">
  <properties/>
  <testcase name="testGetResolvedForEmployee" classname="services.ReimbursementServiceTest" time="0.001"/>
  <testcase name="testGetAllResolvedReimbursement" classname="services.ReimbursementServiceTest" time="0.0"/>
  <testcase name="testGetReimbursementByEmployee" classname="services.ReimbursementServiceTest" time="0.0"/>
  <testcase name="testGetAllReimbursement" classname="services.ReimbursementServiceTest" time="0.001"/>
  <testcase name="testGetAllPendingReimbursement" classname="services.ReimbursementServiceTest" time="0.0"/>
  <testcase name="testGetPendingForEmployee" classname="services.ReimbursementServiceTest" time="0.0"/>
  <testcase name="testGetReimbursementByStatus" classname="services.ReimbursementServiceTest" time="0.0"/>
  <testcase name="testCreateReimbursementReturnsReimbursement" classname="services.ReimbursementServiceTest" time="0.0"/>
  <testcase name="testGetReimbursementByType" classname="services.ReimbursementServiceTest" time="0.0"/>
  <testcase name="testDeleteReimbursement" classname="services.ReimbursementServiceTest" time="0.0"/>
  <testcase name="testUpdateReimbursement" classname="services.ReimbursementServiceTest" time="0.0"/>
  <system-out><![CDATA[]]></system-out>
  <system-err><![CDATA[]]></system-err>
</testsuite>
